👑 DEPLOYING EMPIRE DASHBOARD INFRASTRUCTURE
==========================================

📦 Step 1/2: Building Lambda Layer (CCXT)...
🔨 Building Dashboard Lambda Layer...
📦 Installing CCXT for Linux x86_64 (Python 3.12)...
Collecting ccxt>=4.0.0 (from -r requirements.txt (line 1))
  Using cached ccxt-4.5.37-py2.py3-none-any.whl.metadata (139 kB)
Collecting setuptools>=60.9.0 (from ccxt>=4.0.0->-r requirements.txt (line 1))
  Using cached setuptools-82.0.0-py3-none-any.whl.metadata (6.6 kB)
Collecting certifi>=2018.1.18 (from ccxt>=4.0.0->-r requirements.txt (line 1))
  Using cached certifi-2026.1.4-py3-none-any.whl.metadata (2.5 kB)
Collecting requests>=2.18.4 (from ccxt>=4.0.0->-r requirements.txt (line 1))
  Using cached requests-2.32.5-py3-none-any.whl.metadata (4.9 kB)
Collecting cryptography>=2.6.1 (from ccxt>=4.0.0->-r requirements.txt (line 1))
  Using cached cryptography-46.0.4-cp311-abi3-manylinux2014_x86_64.manylinux_2_17_x86_64.whl.metadata (5.7 kB)
Collecting typing_extensions>=4.4.0 (from ccxt>=4.0.0->-r requirements.txt (line 1))
  Using cached typing_extensions-4.15.0-py3-none-any.whl.metadata (3.3 kB)
Collecting aiohttp>=3.10.11 (from ccxt>=4.0.0->-r requirements.txt (line 1))
  Using cached aiohttp-3.13.3-cp312-cp312-manylinux2014_x86_64.manylinux_2_17_x86_64.manylinux_2_28_x86_64.whl.metadata (8.1 kB)
Collecting aiodns>=1.1.1 (from ccxt>=4.0.0->-r requirements.txt (line 1))
  Using cached aiodns-4.0.0-py3-none-any.whl.metadata (7.7 kB)
Collecting yarl>=1.7.2 (from ccxt>=4.0.0->-r requirements.txt (line 1))
  Using cached yarl-1.22.0-cp312-cp312-manylinux2014_x86_64.manylinux_2_17_x86_64.manylinux_2_28_x86_64.whl.metadata (75 kB)
Collecting coincurve==21.0.0 (from ccxt>=4.0.0->-r requirements.txt (line 1))
  Using cached coincurve-21.0.0-cp312-cp312-manylinux_2_17_x86_64.manylinux2014_x86_64.whl.metadata (4.0 kB)
INFO: pip is looking at multiple versions of aiodns to determine which version is compatible with other requirements. This could take a while.
Collecting aiodns>=1.1.1 (from ccxt>=4.0.0->-r requirements.txt (line 1))
  Using cached aiodns-3.6.1-py3-none-any.whl.metadata (5.8 kB)
Collecting pycares<5,>=4.9.0 (from aiodns>=1.1.1->ccxt>=4.0.0->-r requirements.txt (line 1))
  Using cached pycares-4.9.0-cp312-cp312-manylinux_2_17_x86_64.manylinux2014_x86_64.whl.metadata (4.3 kB)
Collecting cffi>=1.5.0 (from pycares<5,>=4.9.0->aiodns>=1.1.1->ccxt>=4.0.0->-r requirements.txt (line 1))
  Using cached cffi-2.0.0-cp312-cp312-manylinux2014_x86_64.manylinux_2_17_x86_64.whl.metadata (2.6 kB)
Collecting aiohappyeyeballs>=2.5.0 (from aiohttp>=3.10.11->ccxt>=4.0.0->-r requirements.txt (line 1))
  Using cached aiohappyeyeballs-2.6.1-py3-none-any.whl.metadata (5.9 kB)
Collecting aiosignal>=1.4.0 (from aiohttp>=3.10.11->ccxt>=4.0.0->-r requirements.txt (line 1))
  Using cached aiosignal-1.4.0-py3-none-any.whl.metadata (3.7 kB)
Collecting attrs>=17.3.0 (from aiohttp>=3.10.11->ccxt>=4.0.0->-r requirements.txt (line 1))
  Using cached attrs-25.4.0-py3-none-any.whl.metadata (10 kB)
Collecting frozenlist>=1.1.1 (from aiohttp>=3.10.11->ccxt>=4.0.0->-r requirements.txt (line 1))
  Using cached frozenlist-1.8.0-cp312-cp312-manylinux1_x86_64.manylinux_2_28_x86_64.manylinux_2_5_x86_64.whl.metadata (20 kB)
Collecting multidict<7.0,>=4.5 (from aiohttp>=3.10.11->ccxt>=4.0.0->-r requirements.txt (line 1))
  Using cached multidict-6.7.1-cp312-cp312-manylinux2014_x86_64.manylinux_2_17_x86_64.manylinux_2_28_x86_64.whl.metadata (5.3 kB)
Collecting propcache>=0.2.0 (from aiohttp>=3.10.11->ccxt>=4.0.0->-r requirements.txt (line 1))
  Using cached propcache-0.4.1-cp312-cp312-manylinux2014_x86_64.manylinux_2_17_x86_64.manylinux_2_28_x86_64.whl.metadata (13 kB)
Collecting idna>=2.0 (from yarl>=1.7.2->ccxt>=4.0.0->-r requirements.txt (line 1))
  Using cached idna-3.11-py3-none-any.whl.metadata (8.4 kB)
Collecting pycparser (from cffi>=1.5.0->pycares<5,>=4.9.0->aiodns>=1.1.1->ccxt>=4.0.0->-r requirements.txt (line 1))
  Using cached pycparser-3.0-py3-none-any.whl.metadata (8.2 kB)
Collecting charset_normalizer<4,>=2 (from requests>=2.18.4->ccxt>=4.0.0->-r requirements.txt (line 1))
  Using cached charset_normalizer-3.4.4-cp312-cp312-manylinux2014_x86_64.manylinux_2_17_x86_64.manylinux_2_28_x86_64.whl.metadata (37 kB)
Collecting urllib3<3,>=1.21.1 (from requests>=2.18.4->ccxt>=4.0.0->-r requirements.txt (line 1))
  Using cached urllib3-2.6.3-py3-none-any.whl.metadata (6.9 kB)
Using cached ccxt-4.5.37-py2.py3-none-any.whl (6.4 MB)
Using cached coincurve-21.0.0-cp312-cp312-manylinux_2_17_x86_64.manylinux2014_x86_64.whl (1.6 MB)
Using cached aiodns-3.6.1-py3-none-any.whl (8.0 kB)
Using cached pycares-4.9.0-cp312-cp312-manylinux_2_17_x86_64.manylinux2014_x86_64.whl (629 kB)
Using cached aiohttp-3.13.3-cp312-cp312-manylinux2014_x86_64.manylinux_2_17_x86_64.manylinux_2_28_x86_64.whl (1.8 MB)
Using cached multidict-6.7.1-cp312-cp312-manylinux2014_x86_64.manylinux_2_17_x86_64.manylinux_2_28_x86_64.whl (256 kB)
Using cached yarl-1.22.0-cp312-cp312-manylinux2014_x86_64.manylinux_2_17_x86_64.manylinux_2_28_x86_64.whl (377 kB)
Using cached aiohappyeyeballs-2.6.1-py3-none-any.whl (15 kB)
Using cached aiosignal-1.4.0-py3-none-any.whl (7.5 kB)
Using cached attrs-25.4.0-py3-none-any.whl (67 kB)
Using cached certifi-2026.1.4-py3-none-any.whl (152 kB)
Using cached cffi-2.0.0-cp312-cp312-manylinux2014_x86_64.manylinux_2_17_x86_64.whl (219 kB)
Using cached cryptography-46.0.4-cp311-abi3-manylinux2014_x86_64.manylinux_2_17_x86_64.whl (4.4 MB)
Using cached frozenlist-1.8.0-cp312-cp312-manylinux1_x86_64.manylinux_2_28_x86_64.manylinux_2_5_x86_64.whl (242 kB)
Using cached idna-3.11-py3-none-any.whl (71 kB)
Using cached propcache-0.4.1-cp312-cp312-manylinux2014_x86_64.manylinux_2_17_x86_64.manylinux_2_28_x86_64.whl (221 kB)
Using cached requests-2.32.5-py3-none-any.whl (64 kB)
Using cached charset_normalizer-3.4.4-cp312-cp312-manylinux2014_x86_64.manylinux_2_17_x86_64.manylinux_2_28_x86_64.whl (153 kB)
Using cached urllib3-2.6.3-py3-none-any.whl (131 kB)
Using cached setuptools-82.0.0-py3-none-any.whl (1.0 MB)
Using cached typing_extensions-4.15.0-py3-none-any.whl (44 kB)
Using cached pycparser-3.0-py3-none-any.whl (48 kB)
Installing collected packages: urllib3, typing_extensions, setuptools, pycparser, propcache, multidict, idna, frozenlist, coincurve, charset_normalizer, certifi, attrs, aiohappyeyeballs, yarl, requests, cffi, aiosignal, pycares, cryptography, aiohttp, aiodns, ccxt
